root - INFO - Imported DataFrame: 
    Unnamed: 0  CLIENTNUM     Attrition_Flag  Customer_Age  ...  Total_Trans_Ct  Total_Ct_Chng_Q4_Q1 Avg_Utilization_Ratio Churn
0           0  768805383  Existing Customer            45  ...              42                1.625                 0.061     0
1           1  818770008  Existing Customer            49  ...              33                3.714                 0.105     0
2           2  713982108  Existing Customer            51  ...              20                2.333                 0.000     0
3           3  769911858  Existing Customer            40  ...              20                2.333                 0.760     0
4           4  709106358  Existing Customer            40  ...              28                2.500                 0.000     0

[5 rows x 23 columns]
root - INFO - Testing import_data: SUCCESS
root - INFO - Testing save_plot: SUCCESS
root - INFO - Testing perform_eda: SUCCESS
root - INFO - Encoded df:    Unnamed: 0  CLIENTNUM     Attrition_Flag         ...           Marital_Status_Churn Income_Category_Churn  Card_Category_Churn
0           0  768805383  Existing Customer         ...                       0.151269              0.134807             0.160979
1           1  818770008  Existing Customer         ...                       0.169414              0.171862             0.160979
2           2  713982108  Existing Customer         ...                       0.151269              0.157655             0.160979
3           3  769911858  Existing Customer         ...                       0.172230              0.171862             0.160979
4           4  709106358  Existing Customer         ...                       0.151269              0.134807             0.160979

[5 rows x 28 columns]
root - INFO - Encoded columns: ['Gender_Churn', 'Education_Level_Churn', 'Marital_Status_Churn', 'Income_Category_Churn', 'Card_Category_Churn']
root - INFO - Testing encoder_helper: SUCCESS
root - INFO - x_train:       Customer_Age  Dependent_count  Months_on_book         ...           Marital_Status_Churn  Income_Category_Churn  Card_Category_Churn
415             49                2              38         ...                       0.151269               0.134807             0.160979
3749            61                0              51         ...                       0.169414               0.168165             0.160979
9295            27                0              19         ...                       0.172230               0.157655             0.147748
8290            52                1              36         ...                       0.151269               0.171862             0.160979
7672            44                3              36         ...                       0.169414               0.171862             0.160979

[5 rows x 19 columns]
root - INFO - x_test:       Customer_Age  Dependent_count  Months_on_book         ...           Marital_Status_Churn  Income_Category_Churn  Card_Category_Churn
3781            48                3              39         ...                       0.169414               0.171862             0.160979
2922            59                1              53         ...                       0.169414               0.171862             0.160979
5070            37                2              36         ...                       0.161765               0.171862             0.160979
7246            47                3              36         ...                       0.161765               0.151397             0.160979
623             42                3              33         ...                       0.169414               0.157655             0.160979

[5 rows x 19 columns]
root - INFO - y_train: 415     0
3749    0
9295    0
8290    0
7672    1
Name: Churn, dtype: int64
root - INFO - y_test: 3781    0
2922    0
5070    0
7246    0
623     0
Name: Churn, dtype: int64
root - INFO - Testing encoder_helper: SUCCESS
